<?xml version="1.0" encoding="UTF-8"?>
<coverage generated="1678458316028" clover="3.2.0">
  <project timestamp="1678458316028" name="All files">
    <metrics statements="25" coveredstatements="25" conditionals="12" coveredconditionals="12" methods="2" coveredmethods="2" elements="39" coveredelements="39" complexity="0" loc="25" ncloc="25" packages="1" files="1" classes="1"/>
    <file name="app.js" path="/home/vallejos/Documentos/GIthub/node-express-mongodb---practice/ejerciciosSimples/app.js">
      <metrics statements="25" coveredstatements="25" conditionals="12" coveredconditionals="12" methods="2" coveredmethods="2"/>
      <line num="1" count="1" type="stmt"/>
      <line num="2" count="1" type="stmt"/>
      <line num="3" count="22" type="cond" truecount="1" falsecount="0"/>
      <line num="4" count="22" type="stmt"/>
      <line num="5" count="22" type="stmt"/>
      <line num="6" count="22" type="stmt"/>
      <line num="7" count="22" type="stmt"/>
      <line num="8" count="22" type="stmt"/>
      <line num="9" count="22" type="cond" truecount="2" falsecount="0"/>
      <line num="10" count="22" type="cond" truecount="3" falsecount="0"/>
      <line num="11" count="22" type="cond" truecount="2" falsecount="0"/>
      <line num="12" count="22" type="cond" truecount="2" falsecount="0"/>
      <line num="13" count="9" type="stmt"/>
      <line num="14" count="9" type="stmt"/>
      <line num="15" count="9" type="stmt"/>
      <line num="16" count="1" type="stmt"/>
      <line num="17" count="1" type="cond" truecount="1" falsecount="0"/>
      <line num="18" count="1" type="cond" truecount="1" falsecount="0"/>
      <line num="19" count="16" type="stmt"/>
      <line num="20" count="16" type="stmt"/>
      <line num="21" count="1" type="stmt"/>
      <line num="22" count="1" type="stmt"/>
      <line num="23" count="1" type="stmt"/>
      <line num="24" count="1" type="stmt"/>
      <line num="25" count="1" type="stmt"/>
    </file>
  </project>
</coverage>
