{"/home/vallejos/Documentos/GIthub/node-express-mongodb---practice/ejerciciosSimples/app.js": {"path":"/home/vallejos/Documentos/GIthub/node-express-mongodb---practice/ejerciciosSimples/app.js","all":false,"statementMap":{"0":{"start":{"line":1,"column":0},"end":{"line":1,"column":22}},"1":{"start":{"line":2,"column":0},"end":{"line":2,"column":0}},"2":{"start":{"line":3,"column":0},"end":{"line":3,"column":24}},"3":{"start":{"line":4,"column":0},"end":{"line":4,"column":0}},"4":{"start":{"line":5,"column":0},"end":{"line":5,"column":21}},"5":{"start":{"line":6,"column":0},"end":{"line":6,"column":41}},"6":{"start":{"line":7,"column":0},"end":{"line":7,"column":41}},"7":{"start":{"line":8,"column":0},"end":{"line":8,"column":0}},"8":{"start":{"line":9,"column":0},"end":{"line":9,"column":32}},"9":{"start":{"line":10,"column":0},"end":{"line":10,"column":60}},"10":{"start":{"line":11,"column":0},"end":{"line":11,"column":38}},"11":{"start":{"line":12,"column":0},"end":{"line":12,"column":38}},"12":{"start":{"line":13,"column":0},"end":{"line":13,"column":0}},"13":{"start":{"line":14,"column":0},"end":{"line":14,"column":15}},"14":{"start":{"line":15,"column":0},"end":{"line":15,"column":1}},"15":{"start":{"line":16,"column":0},"end":{"line":16,"column":0}},"16":{"start":{"line":17,"column":0},"end":{"line":17,"column":20}},"17":{"start":{"line":18,"column":0},"end":{"line":18,"column":47}},"18":{"start":{"line":19,"column":0},"end":{"line":19,"column":52}},"19":{"start":{"line":20,"column":0},"end":{"line":20,"column":5}},"20":{"start":{"line":21,"column":0},"end":{"line":21,"column":1}},"21":{"start":{"line":22,"column":0},"end":{"line":22,"column":0}},"22":{"start":{"line":23,"column":0},"end":{"line":23,"column":10}},"23":{"start":{"line":24,"column":0},"end":{"line":24,"column":0}},"24":{"start":{"line":25,"column":0},"end":{"line":25,"column":26}}},"s":{"0":1,"1":1,"2":22,"3":22,"4":22,"5":22,"6":22,"7":22,"8":22,"9":22,"10":22,"11":22,"12":9,"13":9,"14":9,"15":1,"16":1,"17":1,"18":16,"19":16,"20":1,"21":1,"22":1,"23":1,"24":1},"branchMap":{"0":{"type":"branch","line":3,"loc":{"start":{"line":3,"column":0},"end":{"line":15,"column":1}},"locations":[{"start":{"line":3,"column":0},"end":{"line":15,"column":1}}]},"1":{"type":"branch","line":9,"loc":{"start":{"line":9,"column":23},"end":{"line":9,"column":32}},"locations":[{"start":{"line":9,"column":23},"end":{"line":9,"column":32}}]},"2":{"type":"branch","line":9,"loc":{"start":{"line":9,"column":31},"end":{"line":10,"column":26}},"locations":[{"start":{"line":9,"column":31},"end":{"line":10,"column":26}}]},"3":{"type":"branch","line":10,"loc":{"start":{"line":10,"column":22},"end":{"line":10,"column":40}},"locations":[{"start":{"line":10,"column":22},"end":{"line":10,"column":40}}]},"4":{"type":"branch","line":10,"loc":{"start":{"line":10,"column":42},"end":{"line":10,"column":60}},"locations":[{"start":{"line":10,"column":42},"end":{"line":10,"column":60}}]},"5":{"type":"branch","line":10,"loc":{"start":{"line":10,"column":59},"end":{"line":11,"column":24}},"locations":[{"start":{"line":10,"column":59},"end":{"line":11,"column":24}}]},"6":{"type":"branch","line":11,"loc":{"start":{"line":11,"column":24},"end":{"line":11,"column":38}},"locations":[{"start":{"line":11,"column":24},"end":{"line":11,"column":38}}]},"7":{"type":"branch","line":11,"loc":{"start":{"line":11,"column":37},"end":{"line":12,"column":24}},"locations":[{"start":{"line":11,"column":37},"end":{"line":12,"column":24}}]},"8":{"type":"branch","line":12,"loc":{"start":{"line":12,"column":24},"end":{"line":12,"column":38}},"locations":[{"start":{"line":12,"column":24},"end":{"line":12,"column":38}}]},"9":{"type":"branch","line":12,"loc":{"start":{"line":12,"column":37},"end":{"line":15,"column":1}},"locations":[{"start":{"line":12,"column":37},"end":{"line":15,"column":1}}]},"10":{"type":"branch","line":17,"loc":{"start":{"line":17,"column":0},"end":{"line":21,"column":1}},"locations":[{"start":{"line":17,"column":0},"end":{"line":21,"column":1}}]},"11":{"type":"branch","line":18,"loc":{"start":{"line":18,"column":46},"end":{"line":20,"column":5}},"locations":[{"start":{"line":18,"column":46},"end":{"line":20,"column":5}}]}},"b":{"0":[22],"1":[1],"2":[21],"3":[8],"4":[2],"5":[19],"6":[6],"7":[13],"8":[4],"9":[9],"10":[1],"11":[16]},"fnMap":{"0":{"name":"fizzbuzz","decl":{"start":{"line":3,"column":0},"end":{"line":15,"column":1}},"loc":{"start":{"line":3,"column":0},"end":{"line":15,"column":1}},"line":3},"1":{"name":"print","decl":{"start":{"line":17,"column":0},"end":{"line":21,"column":1}},"loc":{"start":{"line":17,"column":0},"end":{"line":21,"column":1}},"line":17}},"f":{"0":22,"1":1}}
}
